█[I 2025-07-04 13:32:53,662] Trial 42 finished with value: inf and parameters: {'lr': 0.0006036243476149314, 'dropout_rate': 0.13881757772602787, 'weight_decay': 3.298090133439908e-05, 'firstUpdateLayers': 3, 'secondUpdateLayers': 5, 'hidden_features': 128, 'batch_size': 96}. Best is trial 0 with value: inf.

💥 Trial #42 - GPU OOM
   配置：batch_size=96, hidden_features=128
🧹 Cleaned 1.50GB GPU memory
============================================================

🔍 Trial #43 - 详细显存诊断:
   GPU总显存: 25.28GB
   已分配: 0.02GB
   已缓存: 0.06GB
   可用: 25.22GB
   清理后-已分配: 0.02GB
   清理后-已缓存: 0.06GB
   清理后-可用: 25.22GB

============================================================
🚀 Starting Trial #43 (Memory Safe)
  Parameters:
    - lr: 0.0008666530531567199
    - dropout_rate: 0.16039576958813836
    - weight_decay: 3.8431689183674056e-05
    - firstUpdateLayers: 3
    - secondUpdateLayers: 5
    - hidden_features: 128
    - batch_size: 96
============================================================

train length: 12000 val length: 1500 test length: 1500 unused length: 0 seed : 666
[0;31m<<<<<< ⚡️ cuda is used >>>>>>[0m
█[I 2025-07-04 13:32:55,670] Trial 43 finished with value: inf and parameters: {'lr': 0.0008666530531567199, 'dropout_rate': 0.16039576958813836, 'weight_decay': 3.8431689183674056e-05, 'firstUpdateLayers': 3, 'secondUpdateLayers': 5, 'hidden_features': 128, 'batch_size': 96}. Best is trial 0 with value: inf.

💥 Trial #43 - GPU OOM
   配置：batch_size=96, hidden_features=128
🧹 Cleaned 1.50GB GPU memory
============================================================

🔍 Trial #44 - 详细显存诊断:
   GPU总显存: 25.28GB
   已分配: 0.02GB
   已缓存: 0.06GB
   可用: 25.22GB
   清理后-已分配: 0.02GB
   清理后-已缓存: 0.06GB
   清理后-可用: 25.22GB

============================================================
🚀 Starting Trial #44 (Memory Safe)
  Parameters:
    - lr: 0.0006873311814055563
    - dropout_rate: 0.17343575739431782
    - weight_decay: 2.6091708639559476e-05
    - firstUpdateLayers: 4
    - secondUpdateLayers: 3
    - hidden_features: 128
    - batch_size: 96
============================================================

train length: 12000 val length: 1500 test length: 1500 unused length: 0 seed : 666
[0;31m<<<<<< ⚡️ cuda is used >>>>>>[0m
█[I 2025-07-04 13:32:57,714] Trial 44 finished with value: inf and parameters: {'lr': 0.0006873311814055563, 'dropout_rate': 0.17343575739431782, 'weight_decay': 2.6091708639559476e-05, 'firstUpdateLayers': 4, 'secondUpdateLayers': 3, 'hidden_features': 128, 'batch_size': 96}. Best is trial 0 with value: inf.

💥 Trial #44 - GPU OOM
   配置：batch_size=96, hidden_features=128
🧹 Cleaned 1.45GB GPU memory
============================================================

🔍 Trial #45 - 详细显存诊断:
   GPU总显存: 25.28GB
   已分配: 0.02GB
   已缓存: 0.06GB
   可用: 25.22GB
   清理后-已分配: 0.02GB
   清理后-已缓存: 0.06GB
   清理后-可用: 25.22GB

============================================================
🚀 Starting Trial #45 (Memory Safe)
  Parameters:
    - lr: 0.0005615198531329749
    - dropout_rate: 0.06932474421199028
    - weight_decay: 4.494956391017618e-05
    - firstUpdateLayers: 4
    - secondUpdateLayers: 4
    - hidden_features: 160
    - batch_size: 48
============================================================

train length: 12000 val length: 1500 test length: 1500 unused length: 0 seed : 666
[0;31m<<<<<< ⚡️ cuda is used >>>>>>[0m
█[I 2025-07-04 13:32:59,537] Trial 45 finished with value: inf and parameters: {'lr': 0.0005615198531329749, 'dropout_rate': 0.06932474421199028, 'weight_decay': 4.494956391017618e-05, 'firstUpdateLayers': 4, 'secondUpdateLayers': 4, 'hidden_features': 160, 'batch_size': 48}. Best is trial 0 with value: inf.

💥 Trial #45 - GPU OOM
   配置：batch_size=48, hidden_features=160
🧹 Cleaned 0.25GB GPU memory
🧹 Cleaned 1.20GB GPU memory
============================================================

🔍 Trial #46 - 详细显存诊断:
   GPU总显存: 25.28GB
   已分配: 0.02GB
   已缓存: 0.06GB
   可用: 25.22GB
   清理后-已分配: 0.02GB
   清理后-已缓存: 0.06GB
   清理后-可用: 25.22GB

============================================================
🚀 Starting Trial #46 (Memory Safe)
  Parameters:
    - lr: 0.001557875648719692
    - dropout_rate: 0.15206930474743174
    - weight_decay: 5.4689358424858435e-05
    - firstUpdateLayers: 3
    - secondUpdateLayers: 3
    - hidden_features: 128
    - batch_size: 64
============================================================

train length: 12000 val length: 1500 test length: 1500 unused length: 0 seed : 666
[0;31m<<<<<< ⚡️ cuda is used >>>>>>[0m
█[I 2025-07-04 13:33:01,516] Trial 46 finished with value: inf and parameters: {'lr': 0.001557875648719692, 'dropout_rate': 0.15206930474743174, 'weight_decay': 5.4689358424858435e-05, 'firstUpdateLayers': 3, 'secondUpdateLayers': 3, 'hidden_features': 128, 'batch_size': 64}. Best is trial 0 with value: inf.

💥 Trial #46 - GPU OOM
   配置：batch_size=64, hidden_features=128
🧹 Cleaned 1.60GB GPU memory
============================================================

🔍 Trial #47 - 详细显存诊断:
   GPU总显存: 25.28GB
   已分配: 0.02GB
   已缓存: 0.06GB
   可用: 25.22GB
   清理后-已分配: 0.02GB
   清理后-已缓存: 0.06GB
   清理后-可用: 25.22GB

============================================================
🚀 Starting Trial #47 (Memory Safe)
  Parameters:
    - lr: 0.0013215346170911667
    - dropout_rate: 0.10063943292580674
    - weight_decay: 1.2943539369899543e-05
    - firstUpdateLayers: 4
    - secondUpdateLayers: 5
    - hidden_features: 160
    - batch_size: 96
============================================================

train length: 12000 val length: 1500 test length: 1500 unused length: 0 seed : 666
[0;31m<<<<<< ⚡️ cuda is used >>>>>>[0m
█[I 2025-07-04 13:33:03,644] Trial 47 finished with value: inf and parameters: {'lr': 0.0013215346170911667, 'dropout_rate': 0.10063943292580674, 'weight_decay': 1.2943539369899543e-05, 'firstUpdateLayers': 4, 'secondUpdateLayers': 5, 'hidden_features': 160, 'batch_size': 96}. Best is trial 0 with value: inf.

💥 Trial #47 - GPU OOM
   配置：batch_size=96, hidden_features=160
🧹 Cleaned 1.48GB GPU memory
============================================================

🔍 Trial #48 - 详细显存诊断:
   GPU总显存: 25.28GB
   已分配: 0.02GB
   已缓存: 0.06GB
   可用: 25.22GB
   清理后-已分配: 0.02GB
   清理后-已缓存: 0.06GB
   清理后-可用: 25.22GB

============================================================
🚀 Starting Trial #48 (Memory Safe)
  Parameters:
    - lr: 0.0009348669596646385
    - dropout_rate: 0.12262954807433576
    - weight_decay: 6.752442610232465e-05
    - firstUpdateLayers: 5
    - secondUpdateLayers: 3
    - hidden_features: 128
    - batch_size: 64
============================================================

train length: 12000 val length: 1500 test length: 1500 unused length: 0 seed : 666
[0;31m<<<<<< ⚡️ cuda is used >>>>>>[0m
█[I 2025-07-04 13:33:05,508] Trial 48 finished with value: inf and parameters: {'lr': 0.0009348669596646385, 'dropout_rate': 0.12262954807433576, 'weight_decay': 6.752442610232465e-05, 'firstUpdateLayers': 5, 'secondUpdateLayers': 3, 'hidden_features': 128, 'batch_size': 64}. Best is trial 0 with value: inf.

💥 Trial #48 - GPU OOM
   配置：batch_size=64, hidden_features=128
🧹 Cleaned 1.59GB GPU memory
============================================================

🔍 Trial #49 - 详细显存诊断:
   GPU总显存: 25.28GB
   已分配: 0.02GB
   已缓存: 0.06GB
   可用: 25.22GB
   清理后-已分配: 0.02GB
   清理后-已缓存: 0.06GB
   清理后-可用: 25.22GB

============================================================
🚀 Starting Trial #49 (Memory Safe)
  Parameters:
    - lr: 0.0007406401214931135
    - dropout_rate: 0.056539894729817984
    - weight_decay: 4.938101244619049e-05
    - firstUpdateLayers: 4
    - secondUpdateLayers: 5
    - hidden_features: 160
    - batch_size: 64
============================================================

train length: 12000 val length: 1500 test length: 1500 unused length: 0 seed : 666
[0;31m<<<<<< ⚡️ cuda is used >>>>>>[0m
█[I 2025-07-04 13:33:07,507] Trial 49 finished with value: inf and parameters: {'lr': 0.0007406401214931135, 'dropout_rate': 0.056539894729817984, 'weight_decay': 4.938101244619049e-05, 'firstUpdateLayers': 4, 'secondUpdateLayers': 5, 'hidden_features': 160, 'batch_size': 64}. Best is trial 0 with value: inf.

💥 Trial #49 - GPU OOM
   配置：batch_size=64, hidden_features=160
🧹 Cleaned 1.37GB GPU memory
============================================================
============================================================
🎉 Hyperparameter optimization finished!
📊 试验统计:
   总试验数: 50
   完成试验: 50
   剪枝试验: 0 (节省时间: 0.0%)
   失败试验: 0

🏆 最佳结果:
   试验编号: #0
   最佳验证MAE: inf
   最佳参数:
     lr: 0.0013203077479228501
     dropout_rate: 0.1597442635705565
     weight_decay: 4.08275503287407e-05
     firstUpdateLayers: 4
     secondUpdateLayers: 3
     hidden_features: 160
     batch_size: 64
============================================================
Results saved to: ./output_4090/20250704_124851/optuna_results.txt
Database saved to: ./output_4090/20250704_124851/GCPNet_4090_hyperopt.db
TensorBoard logs saved to: ./output_4090/20250704_124851/tensorboard_logs
To view TensorBoard: tensorboard --logdir ./output_4090/20250704_124851/tensorboard_logs
To generate visualization: python optuna_visualizer.py --study ./output_4090/20250704_124851/GCPNet_4090_hyperopt.db --output ./visualization
