█[I 2025-07-04 13:31:42,226] Trial 4 finished with value: inf and parameters: {'lr': 0.0006432896273598899, 'dropout_rate': 0.1649233286186833, 'weight_decay': 4.457938777079751e-05, 'firstUpdateLayers': 3, 'secondUpdateLayers': 5, 'hidden_features': 128, 'batch_size': 96}. Best is trial 0 with value: inf.

💥 Trial #4 - GPU OOM
   配置：batch_size=96, hidden_features=128
🧹 Cleaned 1.52GB GPU memory
============================================================

🔍 Trial #5 - 详细显存诊断:
   GPU总显存: 25.28GB
   已分配: 0.02GB
   已缓存: 0.06GB
   可用: 25.22GB
   清理后-已分配: 0.02GB
   清理后-已缓存: 0.06GB
   清理后-可用: 25.22GB

============================================================
🚀 Starting Trial #5 (Memory Safe)
  Parameters:
    - lr: 0.001391790671763129
    - dropout_rate: 0.1435415790117949
    - weight_decay: 6.404696288914479e-05
    - firstUpdateLayers: 3
    - secondUpdateLayers: 4
    - hidden_features: 96
    - batch_size: 48
============================================================

train length: 12000 val length: 1500 test length: 1500 unused length: 0 seed : 666
[0;31m<<<<<< ⚡️ cuda is used >>>>>>[0m
█[I 2025-07-04 13:31:44,034] Trial 5 finished with value: inf and parameters: {'lr': 0.001391790671763129, 'dropout_rate': 0.1435415790117949, 'weight_decay': 6.404696288914479e-05, 'firstUpdateLayers': 3, 'secondUpdateLayers': 4, 'hidden_features': 96, 'batch_size': 48}. Best is trial 0 with value: inf.

💥 Trial #5 - GPU OOM
   配置：batch_size=48, hidden_features=96
🧹 Cleaned 1.56GB GPU memory
============================================================

🔍 Trial #6 - 详细显存诊断:
   GPU总显存: 25.28GB
   已分配: 0.02GB
   已缓存: 0.06GB
   可用: 25.22GB
   清理后-已分配: 0.02GB
   清理后-已缓存: 0.06GB
   清理后-可用: 25.22GB

============================================================
🚀 Starting Trial #6 (Memory Safe)
  Parameters:
    - lr: 0.0019779207629301485
    - dropout_rate: 0.07759347504524798
    - weight_decay: 7.170690226720132e-05
    - firstUpdateLayers: 4
    - secondUpdateLayers: 3
    - hidden_features: 128
    - batch_size: 64
============================================================

train length: 12000 val length: 1500 test length: 1500 unused length: 0 seed : 666
[0;31m<<<<<< ⚡️ cuda is used >>>>>>[0m
█[I 2025-07-04 13:31:45,840] Trial 6 finished with value: inf and parameters: {'lr': 0.0019779207629301485, 'dropout_rate': 0.07759347504524798, 'weight_decay': 7.170690226720132e-05, 'firstUpdateLayers': 4, 'secondUpdateLayers': 3, 'hidden_features': 128, 'batch_size': 64}. Best is trial 0 with value: inf.

💥 Trial #6 - GPU OOM
   配置：batch_size=64, hidden_features=128
🧹 Cleaned 1.40GB GPU memory
============================================================

🔍 Trial #7 - 详细显存诊断:
   GPU总显存: 25.28GB
   已分配: 0.02GB
   已缓存: 0.06GB
   可用: 25.22GB
   清理后-已分配: 0.02GB
   清理后-已缓存: 0.06GB
   清理后-可用: 25.22GB

============================================================
🚀 Starting Trial #7 (Memory Safe)
  Parameters:
    - lr: 0.0014944894667812101
    - dropout_rate: 0.1329021073139904
    - weight_decay: 7.880155504429176e-05
    - firstUpdateLayers: 5
    - secondUpdateLayers: 3
    - hidden_features: 96
    - batch_size: 64
============================================================

train length: 12000 val length: 1500 test length: 1500 unused length: 0 seed : 666
[0;31m<<<<<< ⚡️ cuda is used >>>>>>[0m
█[I 2025-07-04 13:31:47,660] Trial 7 finished with value: inf and parameters: {'lr': 0.0014944894667812101, 'dropout_rate': 0.1329021073139904, 'weight_decay': 7.880155504429176e-05, 'firstUpdateLayers': 5, 'secondUpdateLayers': 3, 'hidden_features': 96, 'batch_size': 64}. Best is trial 0 with value: inf.

💥 Trial #7 - GPU OOM
   配置：batch_size=64, hidden_features=96
🧹 Cleaned 1.51GB GPU memory
============================================================

🔍 Trial #8 - 详细显存诊断:
   GPU总显存: 25.28GB
   已分配: 0.02GB
   已缓存: 0.06GB
   可用: 25.22GB
   清理后-已分配: 0.02GB
   清理后-已缓存: 0.06GB
   清理后-可用: 25.22GB

============================================================
🚀 Starting Trial #8 (Memory Safe)
  Parameters:
    - lr: 0.0009572567695414538
    - dropout_rate: 0.08046070081408158
    - weight_decay: 1.2053689698076226e-05
    - firstUpdateLayers: 3
    - secondUpdateLayers: 5
    - hidden_features: 160
    - batch_size: 96
============================================================

train length: 12000 val length: 1500 test length: 1500 unused length: 0 seed : 666
[0;31m<<<<<< ⚡️ cuda is used >>>>>>[0m
█[I 2025-07-04 13:31:49,574] Trial 8 finished with value: inf and parameters: {'lr': 0.0009572567695414538, 'dropout_rate': 0.08046070081408158, 'weight_decay': 1.2053689698076226e-05, 'firstUpdateLayers': 3, 'secondUpdateLayers': 5, 'hidden_features': 160, 'batch_size': 96}. Best is trial 0 with value: inf.

💥 Trial #8 - GPU OOM
   配置：batch_size=96, hidden_features=160
🧹 Cleaned 1.41GB GPU memory
============================================================

🔍 Trial #9 - 详细显存诊断:
   GPU总显存: 25.28GB
   已分配: 0.02GB
   已缓存: 0.06GB
   可用: 25.22GB
   清理后-已分配: 0.02GB
   清理后-已缓存: 0.06GB
   清理后-可用: 25.22GB

============================================================
🚀 Starting Trial #9 (Memory Safe)
  Parameters:
    - lr: 0.001515651575194061
    - dropout_rate: 0.13836072946283884
    - weight_decay: 2.4901895395496047e-05
    - firstUpdateLayers: 5
    - secondUpdateLayers: 4
    - hidden_features: 128
    - batch_size: 96
============================================================

train length: 12000 val length: 1500 test length: 1500 unused length: 0 seed : 666
[0;31m<<<<<< ⚡️ cuda is used >>>>>>[0m
█[I 2025-07-04 13:31:51,407] Trial 9 finished with value: inf and parameters: {'lr': 0.001515651575194061, 'dropout_rate': 0.13836072946283884, 'weight_decay': 2.4901895395496047e-05, 'firstUpdateLayers': 5, 'secondUpdateLayers': 4, 'hidden_features': 128, 'batch_size': 96}. Best is trial 0 with value: inf.

💥 Trial #9 - GPU OOM
   配置：batch_size=96, hidden_features=128
🧹 Cleaned 1.50GB GPU memory
============================================================

🔍 Trial #10 - 详细显存诊断:
   GPU总显存: 25.28GB
   已分配: 0.02GB
   已缓存: 0.06GB
   可用: 25.22GB
   清理后-已分配: 0.02GB
   清理后-已缓存: 0.06GB
   清理后-可用: 25.22GB

============================================================
🚀 Starting Trial #10 (Memory Safe)
  Parameters:
    - lr: 0.0010536047336000148
    - dropout_rate: 0.17982962866501429
    - weight_decay: 2.957741889153824e-05
    - firstUpdateLayers: 4
    - secondUpdateLayers: 3
    - hidden_features: 160
    - batch_size: 48
============================================================

train length: 12000 val length: 1500 test length: 1500 unused length: 0 seed : 666
[0;31m<<<<<< ⚡️ cuda is used >>>>>>[0m
█[I 2025-07-04 13:31:53,209] Trial 10 finished with value: inf and parameters: {'lr': 0.0010536047336000148, 'dropout_rate': 0.17982962866501429, 'weight_decay': 2.957741889153824e-05, 'firstUpdateLayers': 4, 'secondUpdateLayers': 3, 'hidden_features': 160, 'batch_size': 48}. Best is trial 0 with value: inf.

💥 Trial #10 - GPU OOM
   配置：batch_size=48, hidden_features=160
🧹 Cleaned 1.38GB GPU memory
============================================================

🔍 Trial #11 - 详细显存诊断:
   GPU总显存: 25.28GB
   已分配: 0.02GB
   已缓存: 0.06GB
   可用: 25.22GB
   清理后-已分配: 0.02GB
   清理后-已缓存: 0.06GB
   清理后-可用: 25.22GB

============================================================
🚀 Starting Trial #11 (Memory Safe)
  Parameters:
    - lr: 0.0011171681909833006
    - dropout_rate: 0.05347113738540779
    - weight_decay: 1.0962682932218422e-05
    - firstUpdateLayers: 4
    - secondUpdateLayers: 3
    - hidden_features: 128
    - batch_size: 64
============================================================

train length: 12000 val length: 1500 test length: 1500 unused length: 0 seed : 666
[0;31m<<<<<< ⚡️ cuda is used >>>>>>[0m
█[I 2025-07-04 13:31:55,027] Trial 11 finished with value: inf and parameters: {'lr': 0.0011171681909833006, 'dropout_rate': 0.05347113738540779, 'weight_decay': 1.0962682932218422e-05, 'firstUpdateLayers': 4, 'secondUpdateLayers': 3, 'hidden_features': 128, 'batch_size': 64}. Best is trial 0 with value: inf.

💥 Trial #11 - GPU OOM
   配置：batch_size=64, hidden_features=128
🧹 Cleaned 0.25GB GPU memory
🧹 Cleaned 1.16GB GPU memory
============================================================

🔍 Trial #12 - 详细显存诊断:
   GPU总显存: 25.28GB
   已分配: 0.02GB
   已缓存: 0.06GB
   可用: 25.22GB
   清理后-已分配: 0.02GB
   清理后-已缓存: 0.06GB
   清理后-可用: 25.22GB

============================================================
🚀 Starting Trial #12 (Memory Safe)
  Parameters:
    - lr: 0.0012039494438751258
    - dropout_rate: 0.09265357047915454
    - weight_decay: 1.7784000481641705e-05
    - firstUpdateLayers: 4
    - secondUpdateLayers: 3
    - hidden_features: 160
    - batch_size: 64
============================================================

train length: 12000 val length: 1500 test length: 1500 unused length: 0 seed : 666
[0;31m<<<<<< ⚡️ cuda is used >>>>>>[0m
█[I 2025-07-04 13:31:56,877] Trial 12 finished with value: inf and parameters: {'lr': 0.0012039494438751258, 'dropout_rate': 0.09265357047915454, 'weight_decay': 1.7784000481641705e-05, 'firstUpdateLayers': 4, 'secondUpdateLayers': 3, 'hidden_features': 160, 'batch_size': 64}. Best is trial 0 with value: inf.

💥 Trial #12 - GPU OOM
   配置：batch_size=64, hidden_features=160
🧹 Cleaned 1.59GB GPU memory
============================================================

🔍 Trial #13 - 详细显存诊断:
   GPU总显存: 25.28GB
   已分配: 0.02GB
   已缓存: 0.06GB
   可用: 25.22GB
   清理后-已分配: 0.02GB
   清理后-已缓存: 0.06GB
   清理后-可用: 25.22GB

============================================================
🚀 Starting Trial #13 (Memory Safe)
  Parameters:
    - lr: 0.0005022583511749076
    - dropout_rate: 0.10382666288601822
    - weight_decay: 3.610402759606688e-05
    - firstUpdateLayers: 4
    - secondUpdateLayers: 3
    - hidden_features: 128
    - batch_size: 64
============================================================

train length: 12000 val length: 1500 test length: 1500 unused length: 0 seed : 666
[0;31m<<<<<< ⚡️ cuda is used >>>>>>[0m
█[I 2025-07-04 13:31:58,742] Trial 13 finished with value: inf and parameters: {'lr': 0.0005022583511749076, 'dropout_rate': 0.10382666288601822, 'weight_decay': 3.610402759606688e-05, 'firstUpdateLayers': 4, 'secondUpdateLayers': 3, 'hidden_features': 128, 'batch_size': 64}. Best is trial 0 with value: inf.

💥 Trial #13 - GPU OOM
   配置：batch_size=64, hidden_features=128
🧹 Cleaned 0.25GB GPU memory
🧹 Cleaned 1.15GB GPU memory
============================================================

🔍 Trial #14 - 详细显存诊断:
   GPU总显存: 25.28GB
   已分配: 0.02GB
   已缓存: 0.06GB
   可用: 25.22GB
   清理后-已分配: 0.02GB
   清理后-已缓存: 0.06GB
   清理后-可用: 25.22GB

============================================================
🚀 Starting Trial #14 (Memory Safe)
  Parameters:
    - lr: 0.0013061382158399528
    - dropout_rate: 0.050666931901691255
    - weight_decay: 1.7337871827320193e-05
    - firstUpdateLayers: 4
    - secondUpdateLayers: 3
    - hidden_features: 160
    - batch_size: 64
============================================================

train length: 12000 val length: 1500 test length: 1500 unused length: 0 seed : 666
[0;31m<<<<<< ⚡️ cuda is used >>>>>>[0m
█[I 2025-07-04 13:32:00,646] Trial 14 finished with value: inf and parameters: {'lr': 0.0013061382158399528, 'dropout_rate': 0.050666931901691255, 'weight_decay': 1.7337871827320193e-05, 'firstUpdateLayers': 4, 'secondUpdateLayers': 3, 'hidden_features': 160, 'batch_size': 64}. Best is trial 0 with value: inf.

💥 Trial #14 - GPU OOM
   配置：batch_size=64, hidden_features=160
🧹 Cleaned 1.47GB GPU memory
============================================================

🔍 Trial #15 - 详细显存诊断:
   GPU总显存: 25.28GB
   已分配: 0.02GB
   已缓存: 0.06GB
   可用: 25.22GB
   清理后-已分配: 0.02GB
   清理后-已缓存: 0.06GB
   清理后-可用: 25.22GB

============================================================
🚀 Starting Trial #15 (Memory Safe)
  Parameters:
    - lr: 0.0009674867054043335
    - dropout_rate: 0.15203104359342187
    - weight_decay: 1.9924716628024552e-05
    - firstUpdateLayers: 4
    - secondUpdateLayers: 4
    - hidden_features: 160
    - batch_size: 48
============================================================

train length: 12000 val length: 1500 test length: 1500 unused length: 0 seed : 666
[0;31m<<<<<< ⚡️ cuda is used >>>>>>[0m
█[I 2025-07-04 13:32:02,485] Trial 15 finished with value: inf and parameters: {'lr': 0.0009674867054043335, 'dropout_rate': 0.15203104359342187, 'weight_decay': 1.9924716628024552e-05, 'firstUpdateLayers': 4, 'secondUpdateLayers': 4, 'hidden_features': 160, 'batch_size': 48}. Best is trial 0 with value: inf.

💥 Trial #15 - GPU OOM
   配置：batch_size=48, hidden_features=160
🧹 Cleaned 1.52GB GPU memory
============================================================

🔍 Trial #16 - 详细显存诊断:
   GPU总显存: 25.28GB
   已分配: 0.02GB
   已缓存: 0.06GB
   可用: 25.22GB
   清理后-已分配: 0.02GB
   清理后-已缓存: 0.06GB
   清理后-可用: 25.22GB

============================================================
🚀 Starting Trial #16 (Memory Safe)
  Parameters:
    - lr: 0.0019521336210572835
    - dropout_rate: 0.1047185258687198
    - weight_decay: 4.271091477628953e-05
    - firstUpdateLayers: 4
    - secondUpdateLayers: 3
    - hidden_features: 128
    - batch_size: 64
============================================================

train length: 12000 val length: 1500 test length: 1500 unused length: 0 seed : 666
[0;31m<<<<<< ⚡️ cuda is used >>>>>>[0m
█[I 2025-07-04 13:32:04,389] Trial 16 finished with value: inf and parameters: {'lr': 0.0019521336210572835, 'dropout_rate': 0.1047185258687198, 'weight_decay': 4.271091477628953e-05, 'firstUpdateLayers': 4, 'secondUpdateLayers': 3, 'hidden_features': 128, 'batch_size': 64}. Best is trial 0 with value: inf.

💥 Trial #16 - GPU OOM
   配置：batch_size=64, hidden_features=128
🧹 Cleaned 1.44GB GPU memory
============================================================

🔍 Trial #17 - 详细显存诊断:
   GPU总显存: 25.28GB
   已分配: 0.02GB
   已缓存: 0.06GB
   可用: 25.22GB
   清理后-已分配: 0.02GB
   清理后-已缓存: 0.06GB
   清理后-可用: 25.22GB

============================================================
🚀 Starting Trial #17 (Memory Safe)
  Parameters:
    - lr: 0.0008552525906335536
    - dropout_rate: 0.06708467166410248
    - weight_decay: 1.4295760421963136e-05
    - firstUpdateLayers: 4
    - secondUpdateLayers: 3
    - hidden_features: 128
    - batch_size: 64
============================================================

train length: 12000 val length: 1500 test length: 1500 unused length: 0 seed : 666
[0;31m<<<<<< ⚡️ cuda is used >>>>>>[0m
█[I 2025-07-04 13:32:06,225] Trial 17 finished with value: inf and parameters: {'lr': 0.0008552525906335536, 'dropout_rate': 0.06708467166410248, 'weight_decay': 1.4295760421963136e-05, 'firstUpdateLayers': 4, 'secondUpdateLayers': 3, 'hidden_features': 128, 'batch_size': 64}. Best is trial 0 with value: inf.

💥 Trial #17 - GPU OOM
   配置：batch_size=64, hidden_features=128
🧹 Cleaned 0.48GB GPU memory
🧹 Cleaned 1.12GB GPU memory
============================================================

🔍 Trial #18 - 详细显存诊断:
   GPU总显存: 25.28GB
   已分配: 0.02GB
   已缓存: 0.06GB
   可用: 25.22GB
   清理后-已分配: 0.02GB
   清理后-已缓存: 0.06GB
   清理后-可用: 25.22GB

============================================================
🚀 Starting Trial #18 (Memory Safe)
  Parameters:
    - lr: 0.0016658398722872933
    - dropout_rate: 0.1614493468065586
    - weight_decay: 2.5627322892042582e-05
    - firstUpdateLayers: 4
    - secondUpdateLayers: 3
    - hidden_features: 160
    - batch_size: 96
============================================================

train length: 12000 val length: 1500 test length: 1500 unused length: 0 seed : 666
[0;31m<<<<<< ⚡️ cuda is used >>>>>>[0m
█[I 2025-07-04 13:32:08,111] Trial 18 finished with value: inf and parameters: {'lr': 0.0016658398722872933, 'dropout_rate': 0.1614493468065586, 'weight_decay': 2.5627322892042582e-05, 'firstUpdateLayers': 4, 'secondUpdateLayers': 3, 'hidden_features': 160, 'batch_size': 96}. Best is trial 0 with value: inf.

💥 Trial #18 - GPU OOM
   配置：batch_size=96, hidden_features=160
🧹 Cleaned 1.45GB GPU memory
============================================================

🔍 Trial #19 - 详细显存诊断:
   GPU总显存: 25.28GB
   已分配: 0.02GB
   已缓存: 0.06GB
   可用: 25.22GB
   清理后-已分配: 0.02GB
   清理后-已缓存: 0.06GB
   清理后-可用: 25.22GB

============================================================
🚀 Starting Trial #19 (Memory Safe)
  Parameters:
    - lr: 0.0012314266508180035
    - dropout_rate: 0.1129498823581036
    - weight_decay: 3.394080204242373e-05
    - firstUpdateLayers: 5
    - secondUpdateLayers: 4
    - hidden_features: 96
    - batch_size: 48
============================================================

train length: 12000 val length: 1500 test length: 1500 unused length: 0 seed : 666
[0;31m<<<<<< ⚡️ cuda is used >>>>>>[0m
█[I 2025-07-04 13:32:09,985] Trial 19 finished with value: inf and parameters: {'lr': 0.0012314266508180035, 'dropout_rate': 0.1129498823581036, 'weight_decay': 3.394080204242373e-05, 'firstUpdateLayers': 5, 'secondUpdateLayers': 4, 'hidden_features': 96, 'batch_size': 48}. Best is trial 0 with value: inf.

💥 Trial #19 - GPU OOM
   配置：batch_size=48, hidden_features=96
🧹 Cleaned 0.15GB GPU memory
🧹 Cleaned 1.42GB GPU memory
============================================================

🔍 Trial #20 - 详细显存诊断:
   GPU总显存: 25.28GB
   已分配: 0.02GB
   已缓存: 0.06GB
   可用: 25.22GB
   清理后-已分配: 0.02GB
   清理后-已缓存: 0.06GB
   清理后-可用: 25.22GB

============================================================
🚀 Starting Trial #20 (Memory Safe)
  Parameters:
    - lr: 0.0016860409956573764
    - dropout_rate: 0.17817667003604293
    - weight_decay: 2.1701601976199053e-05
    - firstUpdateLayers: 4
    - secondUpdateLayers: 3
    - hidden_features: 160
    - batch_size: 64
============================================================

train length: 12000 val length: 1500 test length: 1500 unused length: 0 seed : 666
[0;31m<<<<<< ⚡️ cuda is used >>>>>>[0m
█[I 2025-07-04 13:32:11,882] Trial 20 finished with value: inf and parameters: {'lr': 0.0016860409956573764, 'dropout_rate': 0.17817667003604293, 'weight_decay': 2.1701601976199053e-05, 'firstUpdateLayers': 4, 'secondUpdateLayers': 3, 'hidden_features': 160, 'batch_size': 64}. Best is trial 0 with value: inf.

💥 Trial #20 - GPU OOM
   配置：batch_size=64, hidden_features=160
🧹 Cleaned 1.58GB GPU memory
============================================================

🔍 Trial #21 - 详细显存诊断:
   GPU总显存: 25.28GB
   已分配: 0.02GB
   已缓存: 0.06GB
   可用: 25.22GB
   清理后-已分配: 0.02GB
   清理后-已缓存: 0.06GB
   清理后-可用: 25.22GB

============================================================
🚀 Starting Trial #21 (Memory Safe)
  Parameters:
    - lr: 0.0017031344577884341
    - dropout_rate: 0.12971199098853314
    - weight_decay: 5.039706995421301e-05
    - firstUpdateLayers: 5
    - secondUpdateLayers: 5
    - hidden_features: 160
    - batch_size: 64
============================================================

train length: 12000 val length: 1500 test length: 1500 unused length: 0 seed : 666
[0;31m<<<<<< ⚡️ cuda is used >>>>>>[0m
█[I 2025-07-04 13:32:13,831] Trial 21 finished with value: inf and parameters: {'lr': 0.0017031344577884341, 'dropout_rate': 0.12971199098853314, 'weight_decay': 5.039706995421301e-05, 'firstUpdateLayers': 5, 'secondUpdateLayers': 5, 'hidden_features': 160, 'batch_size': 64}. Best is trial 0 with value: inf.

💥 Trial #21 - GPU OOM
   配置：batch_size=64, hidden_features=160
🧹 Cleaned 1.61GB GPU memory
============================================================

🔍 Trial #22 - 详细显存诊断:
   GPU总显存: 25.28GB
   已分配: 0.02GB
   已缓存: 0.06GB
   可用: 25.22GB
   清理后-已分配: 0.02GB
   清理后-已缓存: 0.06GB
   清理后-可用: 25.22GB

============================================================
🚀 Starting Trial #22 (Memory Safe)
  Parameters:
    - lr: 0.0014075289844895065
    - dropout_rate: 0.15483275748469258
    - weight_decay: 5.3669093565576996e-05
    - firstUpdateLayers: 5
    - secondUpdateLayers: 5
    - hidden_features: 160
    - batch_size: 64
============================================================

train length: 12000 val length: 1500 test length: 1500 unused length: 0 seed : 666
[0;31m<<<<<< ⚡️ cuda is used >>>>>>[0m
█[I 2025-07-04 13:32:15,731] Trial 22 finished with value: inf and parameters: {'lr': 0.0014075289844895065, 'dropout_rate': 0.15483275748469258, 'weight_decay': 5.3669093565576996e-05, 'firstUpdateLayers': 5, 'secondUpdateLayers': 5, 'hidden_features': 160, 'batch_size': 64}. Best is trial 0 with value: inf.

💥 Trial #22 - GPU OOM
   配置：batch_size=64, hidden_features=160
🧹 Cleaned 1.40GB GPU memory
============================================================

🔍 Trial #23 - 详细显存诊断:
   GPU总显存: 25.28GB
   已分配: 0.02GB
   已缓存: 0.06GB
   可用: 25.22GB
   清理后-已分配: 0.02GB
   清理后-已缓存: 0.06GB
   清理后-可用: 25.22GB

============================================================
🚀 Starting Trial #23 (Memory Safe)
  Parameters:
    - lr: 0.0018047258003663525
    - dropout_rate: 0.11740009309033103
    - weight_decay: 3.548424903688632e-05
    - firstUpdateLayers: 5
    - secondUpdateLayers: 5
    - hidden_features: 160
    - batch_size: 64
============================================================

train length: 12000 val length: 1500 test length: 1500 unused length: 0 seed : 666
[0;31m<<<<<< ⚡️ cuda is used >>>>>>[0m
