█[I 2025-07-04 13:32:17,625] Trial 23 finished with value: inf and parameters: {'lr': 0.0018047258003663525, 'dropout_rate': 0.11740009309033103, 'weight_decay': 3.548424903688632e-05, 'firstUpdateLayers': 5, 'secondUpdateLayers': 5, 'hidden_features': 160, 'batch_size': 64}. Best is trial 0 with value: inf.

💥 Trial #23 - GPU OOM
   配置：batch_size=64, hidden_features=160
🧹 Cleaned 1.60GB GPU memory
============================================================

🔍 Trial #24 - 详细显存诊断:
   GPU总显存: 25.28GB
   已分配: 0.02GB
   已缓存: 0.06GB
   可用: 25.22GB
   清理后-已分配: 0.02GB
   清理后-已缓存: 0.06GB
   清理后-可用: 25.22GB

============================================================
🚀 Starting Trial #24 (Memory Safe)
  Parameters:
    - lr: 0.0015603916908537951
    - dropout_rate: 0.14241142392568482
    - weight_decay: 5.467837974075705e-05
    - firstUpdateLayers: 5
    - secondUpdateLayers: 5
    - hidden_features: 160
    - batch_size: 64
============================================================

train length: 12000 val length: 1500 test length: 1500 unused length: 0 seed : 666
[0;31m<<<<<< ⚡️ cuda is used >>>>>>[0m
█[I 2025-07-04 13:32:19,592] Trial 24 finished with value: inf and parameters: {'lr': 0.0015603916908537951, 'dropout_rate': 0.14241142392568482, 'weight_decay': 5.467837974075705e-05, 'firstUpdateLayers': 5, 'secondUpdateLayers': 5, 'hidden_features': 160, 'batch_size': 64}. Best is trial 0 with value: inf.

💥 Trial #24 - GPU OOM
   配置：batch_size=64, hidden_features=160
🧹 Cleaned 1.51GB GPU memory
============================================================

🔍 Trial #25 - 详细显存诊断:
   GPU总显存: 25.28GB
   已分配: 0.02GB
   已缓存: 0.06GB
   可用: 25.22GB
   清理后-已分配: 0.02GB
   清理后-已缓存: 0.06GB
   清理后-可用: 25.22GB

============================================================
🚀 Starting Trial #25 (Memory Safe)
  Parameters:
    - lr: 0.001325130569496628
    - dropout_rate: 0.17030098546727854
    - weight_decay: 4.220623268791894e-05
    - firstUpdateLayers: 5
    - secondUpdateLayers: 5
    - hidden_features: 128
    - batch_size: 64
============================================================

train length: 12000 val length: 1500 test length: 1500 unused length: 0 seed : 666
[0;31m<<<<<< ⚡️ cuda is used >>>>>>[0m
█[I 2025-07-04 13:32:21,535] Trial 25 finished with value: inf and parameters: {'lr': 0.001325130569496628, 'dropout_rate': 0.17030098546727854, 'weight_decay': 4.220623268791894e-05, 'firstUpdateLayers': 5, 'secondUpdateLayers': 5, 'hidden_features': 128, 'batch_size': 64}. Best is trial 0 with value: inf.

💥 Trial #25 - GPU OOM
   配置：batch_size=64, hidden_features=128
🧹 Cleaned 0.25GB GPU memory
🧹 Cleaned 1.16GB GPU memory
============================================================

🔍 Trial #26 - 详细显存诊断:
   GPU总显存: 25.28GB
   已分配: 0.02GB
   已缓存: 0.06GB
   可用: 25.22GB
   清理后-已分配: 0.02GB
   清理后-已缓存: 0.06GB
   清理后-可用: 25.22GB

============================================================
🚀 Starting Trial #26 (Memory Safe)
  Parameters:
    - lr: 0.0015285599877020329
    - dropout_rate: 0.09193982276174006
    - weight_decay: 3.0408532322863887e-05
    - firstUpdateLayers: 4
    - secondUpdateLayers: 3
    - hidden_features: 160
    - batch_size: 64
============================================================

train length: 12000 val length: 1500 test length: 1500 unused length: 0 seed : 666
[0;31m<<<<<< ⚡️ cuda is used >>>>>>[0m
█[I 2025-07-04 13:32:23,646] Trial 26 finished with value: inf and parameters: {'lr': 0.0015285599877020329, 'dropout_rate': 0.09193982276174006, 'weight_decay': 3.0408532322863887e-05, 'firstUpdateLayers': 4, 'secondUpdateLayers': 3, 'hidden_features': 160, 'batch_size': 64}. Best is trial 0 with value: inf.

💥 Trial #26 - GPU OOM
   配置：batch_size=64, hidden_features=160
🧹 Cleaned 1.46GB GPU memory
============================================================

🔍 Trial #27 - 详细显存诊断:
   GPU总显存: 25.28GB
   已分配: 0.02GB
   已缓存: 0.06GB
   可用: 25.22GB
   清理后-已分配: 0.02GB
   清理后-已缓存: 0.06GB
   清理后-可用: 25.22GB

============================================================
🚀 Starting Trial #27 (Memory Safe)
  Parameters:
    - lr: 0.001114841133747757
    - dropout_rate: 0.15478828690023724
    - weight_decay: 1.4797510821122207e-05
    - firstUpdateLayers: 4
    - secondUpdateLayers: 3
    - hidden_features: 160
    - batch_size: 64
============================================================

train length: 12000 val length: 1500 test length: 1500 unused length: 0 seed : 666
[0;31m<<<<<< ⚡️ cuda is used >>>>>>[0m
█[I 2025-07-04 13:32:25,670] Trial 27 finished with value: inf and parameters: {'lr': 0.001114841133747757, 'dropout_rate': 0.15478828690023724, 'weight_decay': 1.4797510821122207e-05, 'firstUpdateLayers': 4, 'secondUpdateLayers': 3, 'hidden_features': 160, 'batch_size': 64}. Best is trial 0 with value: inf.

💥 Trial #27 - GPU OOM
   配置：batch_size=64, hidden_features=160
🧹 Cleaned 0.28GB GPU memory
🧹 Cleaned 1.33GB GPU memory
============================================================

🔍 Trial #28 - 详细显存诊断:
   GPU总显存: 25.28GB
   已分配: 0.02GB
   已缓存: 0.06GB
   可用: 25.22GB
   清理后-已分配: 0.02GB
   清理后-已缓存: 0.06GB
   清理后-可用: 25.22GB

============================================================
🚀 Starting Trial #28 (Memory Safe)
  Parameters:
    - lr: 0.001255817743821823
    - dropout_rate: 0.1254523747466292
    - weight_decay: 4.7830504708298505e-05
    - firstUpdateLayers: 5
    - secondUpdateLayers: 5
    - hidden_features: 128
    - batch_size: 48
============================================================

train length: 12000 val length: 1500 test length: 1500 unused length: 0 seed : 666
[0;31m<<<<<< ⚡️ cuda is used >>>>>>[0m
█[I 2025-07-04 13:32:27,457] Trial 28 finished with value: inf and parameters: {'lr': 0.001255817743821823, 'dropout_rate': 0.1254523747466292, 'weight_decay': 4.7830504708298505e-05, 'firstUpdateLayers': 5, 'secondUpdateLayers': 5, 'hidden_features': 128, 'batch_size': 48}. Best is trial 0 with value: inf.

💥 Trial #28 - GPU OOM
   配置：batch_size=48, hidden_features=128
🧹 Cleaned 1.60GB GPU memory
============================================================

🔍 Trial #29 - 详细显存诊断:
   GPU总显存: 25.28GB
   已分配: 0.02GB
   已缓存: 0.06GB
   可用: 25.22GB
   清理后-已分配: 0.02GB
   清理后-已缓存: 0.06GB
   清理后-可用: 25.22GB

============================================================
🚀 Starting Trial #29 (Memory Safe)
  Parameters:
    - lr: 0.00077745828056734
    - dropout_rate: 0.11818110783784103
    - weight_decay: 6.250015800858343e-05
    - firstUpdateLayers: 3
    - secondUpdateLayers: 4
    - hidden_features: 96
    - batch_size: 96
============================================================

train length: 12000 val length: 1500 test length: 1500 unused length: 0 seed : 666
[0;31m<<<<<< ⚡️ cuda is used >>>>>>[0m
█[I 2025-07-04 13:32:29,420] Trial 29 finished with value: inf and parameters: {'lr': 0.00077745828056734, 'dropout_rate': 0.11818110783784103, 'weight_decay': 6.250015800858343e-05, 'firstUpdateLayers': 3, 'secondUpdateLayers': 4, 'hidden_features': 96, 'batch_size': 96}. Best is trial 0 with value: inf.

💥 Trial #29 - GPU OOM
   配置：batch_size=96, hidden_features=96
🧹 Cleaned 1.55GB GPU memory
============================================================

🔍 Trial #30 - 详细显存诊断:
   GPU总显存: 25.28GB
   已分配: 0.02GB
   已缓存: 0.06GB
   可用: 25.22GB
   清理后-已分配: 0.02GB
   清理后-已缓存: 0.06GB
   清理后-可用: 25.22GB

============================================================
🚀 Starting Trial #30 (Memory Safe)
  Parameters:
    - lr: 0.0017929051751338723
    - dropout_rate: 0.06366618957624277
    - weight_decay: 3.841680190702032e-05
    - firstUpdateLayers: 3
    - secondUpdateLayers: 5
    - hidden_features: 96
    - batch_size: 64
============================================================

train length: 12000 val length: 1500 test length: 1500 unused length: 0 seed : 666
[0;31m<<<<<< ⚡️ cuda is used >>>>>>[0m
█[I 2025-07-04 13:32:31,199] Trial 30 finished with value: inf and parameters: {'lr': 0.0017929051751338723, 'dropout_rate': 0.06366618957624277, 'weight_decay': 3.841680190702032e-05, 'firstUpdateLayers': 3, 'secondUpdateLayers': 5, 'hidden_features': 96, 'batch_size': 64}. Best is trial 0 with value: inf.

💥 Trial #30 - GPU OOM
   配置：batch_size=64, hidden_features=96
🧹 Cleaned 1.51GB GPU memory
============================================================

🔍 Trial #31 - 详细显存诊断:
   GPU总显存: 25.28GB
   已分配: 0.02GB
   已缓存: 0.06GB
   可用: 25.22GB
   清理后-已分配: 0.02GB
   清理后-已缓存: 0.06GB
   清理后-可用: 25.22GB

============================================================
🚀 Starting Trial #31 (Memory Safe)
  Parameters:
    - lr: 0.0006735791445661282
    - dropout_rate: 0.12428803994469863
    - weight_decay: 6.217341565922659e-05
    - firstUpdateLayers: 3
    - secondUpdateLayers: 5
    - hidden_features: 96
    - batch_size: 64
============================================================

train length: 12000 val length: 1500 test length: 1500 unused length: 0 seed : 666
[0;31m<<<<<< ⚡️ cuda is used >>>>>>[0m
█[I 2025-07-04 13:32:32,959] Trial 31 finished with value: inf and parameters: {'lr': 0.0006735791445661282, 'dropout_rate': 0.12428803994469863, 'weight_decay': 6.217341565922659e-05, 'firstUpdateLayers': 3, 'secondUpdateLayers': 5, 'hidden_features': 96, 'batch_size': 64}. Best is trial 0 with value: inf.

💥 Trial #31 - GPU OOM
   配置：batch_size=64, hidden_features=96
🧹 Cleaned 1.57GB GPU memory
============================================================

🔍 Trial #32 - 详细显存诊断:
   GPU总显存: 25.28GB
   已分配: 0.02GB
   已缓存: 0.06GB
   可用: 25.22GB
   清理后-已分配: 0.02GB
   清理后-已缓存: 0.06GB
   清理后-可用: 25.22GB

============================================================
🚀 Starting Trial #32 (Memory Safe)
  Parameters:
    - lr: 0.0005962714418840103
    - dropout_rate: 0.1466687441592632
    - weight_decay: 5.761458606387372e-05
    - firstUpdateLayers: 3
    - secondUpdateLayers: 5
    - hidden_features: 96
    - batch_size: 64
============================================================

train length: 12000 val length: 1500 test length: 1500 unused length: 0 seed : 666
[0;31m<<<<<< ⚡️ cuda is used >>>>>>[0m
█[I 2025-07-04 13:32:34,860] Trial 32 finished with value: inf and parameters: {'lr': 0.0005962714418840103, 'dropout_rate': 0.1466687441592632, 'weight_decay': 5.761458606387372e-05, 'firstUpdateLayers': 3, 'secondUpdateLayers': 5, 'hidden_features': 96, 'batch_size': 64}. Best is trial 0 with value: inf.

💥 Trial #32 - GPU OOM
   配置：batch_size=64, hidden_features=96
🧹 Cleaned 1.58GB GPU memory
============================================================

🔍 Trial #33 - 详细显存诊断:
   GPU总显存: 25.28GB
   已分配: 0.02GB
   已缓存: 0.06GB
   可用: 25.22GB
   清理后-已分配: 0.02GB
   清理后-已缓存: 0.06GB
   清理后-可用: 25.22GB

============================================================
🚀 Starting Trial #33 (Memory Safe)
  Parameters:
    - lr: 0.0008511188521811257
    - dropout_rate: 0.10829722350900976
    - weight_decay: 7.142491966961993e-05
    - firstUpdateLayers: 3
    - secondUpdateLayers: 5
    - hidden_features: 96
    - batch_size: 64
============================================================

train length: 12000 val length: 1500 test length: 1500 unused length: 0 seed : 666
[0;31m<<<<<< ⚡️ cuda is used >>>>>>[0m
█[I 2025-07-04 13:32:36,718] Trial 33 finished with value: inf and parameters: {'lr': 0.0008511188521811257, 'dropout_rate': 0.10829722350900976, 'weight_decay': 7.142491966961993e-05, 'firstUpdateLayers': 3, 'secondUpdateLayers': 5, 'hidden_features': 96, 'batch_size': 64}. Best is trial 0 with value: inf.

💥 Trial #33 - GPU OOM
   配置：batch_size=64, hidden_features=96
🧹 Cleaned 1.53GB GPU memory
============================================================

🔍 Trial #34 - 详细显存诊断:
   GPU总显存: 25.28GB
   已分配: 0.02GB
   已缓存: 0.06GB
   可用: 25.22GB
   清理后-已分配: 0.02GB
   清理后-已缓存: 0.06GB
   清理后-可用: 25.22GB

============================================================
🚀 Starting Trial #34 (Memory Safe)
  Parameters:
    - lr: 0.0006833575371688609
    - dropout_rate: 0.0951173671214295
    - weight_decay: 7.13921712082507e-05
    - firstUpdateLayers: 3
    - secondUpdateLayers: 5
    - hidden_features: 96
    - batch_size: 64
============================================================

train length: 12000 val length: 1500 test length: 1500 unused length: 0 seed : 666
[0;31m<<<<<< ⚡️ cuda is used >>>>>>[0m
█[I 2025-07-04 13:32:38,614] Trial 34 finished with value: inf and parameters: {'lr': 0.0006833575371688609, 'dropout_rate': 0.0951173671214295, 'weight_decay': 7.13921712082507e-05, 'firstUpdateLayers': 3, 'secondUpdateLayers': 5, 'hidden_features': 96, 'batch_size': 64}. Best is trial 0 with value: inf.

💥 Trial #34 - GPU OOM
   配置：batch_size=64, hidden_features=96
🧹 Cleaned 0.10GB GPU memory
🧹 Cleaned 1.43GB GPU memory
============================================================

🔍 Trial #35 - 详细显存诊断:
   GPU总显存: 25.28GB
   已分配: 0.02GB
   已缓存: 0.06GB
   可用: 25.22GB
   清理后-已分配: 0.02GB
   清理后-已缓存: 0.06GB
   清理后-可用: 25.22GB

============================================================
🚀 Starting Trial #35 (Memory Safe)
  Parameters:
    - lr: 0.0014287077450135825
    - dropout_rate: 0.13656934727545608
    - weight_decay: 7.904617870752637e-05
    - firstUpdateLayers: 3
    - secondUpdateLayers: 5
    - hidden_features: 128
    - batch_size: 96
============================================================

train length: 12000 val length: 1500 test length: 1500 unused length: 0 seed : 666
[0;31m<<<<<< ⚡️ cuda is used >>>>>>[0m
█[I 2025-07-04 13:32:40,545] Trial 35 finished with value: inf and parameters: {'lr': 0.0014287077450135825, 'dropout_rate': 0.13656934727545608, 'weight_decay': 7.904617870752637e-05, 'firstUpdateLayers': 3, 'secondUpdateLayers': 5, 'hidden_features': 128, 'batch_size': 96}. Best is trial 0 with value: inf.

💥 Trial #35 - GPU OOM
   配置：batch_size=96, hidden_features=128
🧹 Cleaned 1.59GB GPU memory
============================================================

🔍 Trial #36 - 详细显存诊断:
   GPU总显存: 25.28GB
   已分配: 0.02GB
   已缓存: 0.06GB
   可用: 25.22GB
   清理后-已分配: 0.02GB
   清理后-已缓存: 0.06GB
   清理后-可用: 25.22GB

============================================================
🚀 Starting Trial #36 (Memory Safe)
  Parameters:
    - lr: 0.0006040907884701354
    - dropout_rate: 0.1643730154110526
    - weight_decay: 4.1745691962668955e-05
    - firstUpdateLayers: 3
    - secondUpdateLayers: 3
    - hidden_features: 96
    - batch_size: 64
============================================================

train length: 12000 val length: 1500 test length: 1500 unused length: 0 seed : 666
[0;31m<<<<<< ⚡️ cuda is used >>>>>>[0m
█[I 2025-07-04 13:32:42,417] Trial 36 finished with value: inf and parameters: {'lr': 0.0006040907884701354, 'dropout_rate': 0.1643730154110526, 'weight_decay': 4.1745691962668955e-05, 'firstUpdateLayers': 3, 'secondUpdateLayers': 3, 'hidden_features': 96, 'batch_size': 64}. Best is trial 0 with value: inf.

💥 Trial #36 - GPU OOM
   配置：batch_size=64, hidden_features=96
🧹 Cleaned 1.55GB GPU memory
============================================================

🔍 Trial #37 - 详细显存诊断:
   GPU总显存: 25.28GB
   已分配: 0.02GB
   已缓存: 0.06GB
   可用: 25.22GB
   清理后-已分配: 0.02GB
   清理后-已缓存: 0.06GB
   清理后-可用: 25.22GB

============================================================
🚀 Starting Trial #37 (Memory Safe)
  Parameters:
    - lr: 0.0019715065198752215
    - dropout_rate: 0.0794143619164069
    - weight_decay: 4.52181847986916e-05
    - firstUpdateLayers: 4
    - secondUpdateLayers: 4
    - hidden_features: 128
    - batch_size: 48
============================================================

train length: 12000 val length: 1500 test length: 1500 unused length: 0 seed : 666
[0;31m<<<<<< ⚡️ cuda is used >>>>>>[0m
█[I 2025-07-04 13:32:44,246] Trial 37 finished with value: inf and parameters: {'lr': 0.0019715065198752215, 'dropout_rate': 0.0794143619164069, 'weight_decay': 4.52181847986916e-05, 'firstUpdateLayers': 4, 'secondUpdateLayers': 4, 'hidden_features': 128, 'batch_size': 48}. Best is trial 0 with value: inf.

💥 Trial #37 - GPU OOM
   配置：batch_size=48, hidden_features=128
🧹 Cleaned 0.16GB GPU memory
🧹 Cleaned 1.43GB GPU memory
============================================================

🔍 Trial #38 - 详细显存诊断:
   GPU总显存: 25.28GB
   已分配: 0.02GB
   已缓存: 0.06GB
   可用: 25.22GB
   清理后-已分配: 0.02GB
   清理后-已缓存: 0.06GB
   清理后-可用: 25.22GB

============================================================
🚀 Starting Trial #38 (Memory Safe)
  Parameters:
    - lr: 0.001157884336740983
    - dropout_rate: 0.1298171063289457
    - weight_decay: 1.0099900458766542e-05
    - firstUpdateLayers: 5
    - secondUpdateLayers: 3
    - hidden_features: 160
    - batch_size: 96
============================================================

train length: 12000 val length: 1500 test length: 1500 unused length: 0 seed : 666
[0;31m<<<<<< ⚡️ cuda is used >>>>>>[0m
█[I 2025-07-04 13:32:46,194] Trial 38 finished with value: inf and parameters: {'lr': 0.001157884336740983, 'dropout_rate': 0.1298171063289457, 'weight_decay': 1.0099900458766542e-05, 'firstUpdateLayers': 5, 'secondUpdateLayers': 3, 'hidden_features': 160, 'batch_size': 96}. Best is trial 0 with value: inf.

💥 Trial #38 - GPU OOM
   配置：batch_size=96, hidden_features=160
🧹 Cleaned 1.56GB GPU memory
============================================================

🔍 Trial #39 - 详细显存诊断:
   GPU总显存: 25.28GB
   已分配: 0.02GB
   已缓存: 0.06GB
   可用: 25.22GB
   清理后-已分配: 0.02GB
   清理后-已缓存: 0.06GB
   清理后-可用: 25.22GB

============================================================
🚀 Starting Trial #39 (Memory Safe)
  Parameters:
    - lr: 0.0010404816482014636
    - dropout_rate: 0.1465274610630985
    - weight_decay: 6.683988584112696e-05
    - firstUpdateLayers: 4
    - secondUpdateLayers: 5
    - hidden_features: 96
    - batch_size: 64
============================================================

train length: 12000 val length: 1500 test length: 1500 unused length: 0 seed : 666
[0;31m<<<<<< ⚡️ cuda is used >>>>>>[0m
█[I 2025-07-04 13:32:48,048] Trial 39 finished with value: inf and parameters: {'lr': 0.0010404816482014636, 'dropout_rate': 0.1465274610630985, 'weight_decay': 6.683988584112696e-05, 'firstUpdateLayers': 4, 'secondUpdateLayers': 5, 'hidden_features': 96, 'batch_size': 64}. Best is trial 0 with value: inf.

💥 Trial #39 - GPU OOM
   配置：batch_size=64, hidden_features=96
🧹 Cleaned 1.49GB GPU memory
============================================================

🔍 Trial #40 - 详细显存诊断:
   GPU总显存: 25.28GB
   已分配: 0.02GB
   已缓存: 0.06GB
   可用: 25.22GB
   清理后-已分配: 0.02GB
   清理后-已缓存: 0.06GB
   清理后-可用: 25.22GB

============================================================
🚀 Starting Trial #40 (Memory Safe)
  Parameters:
    - lr: 0.0007511226422659707
    - dropout_rate: 0.0874785137419678
    - weight_decay: 5.9505573351414564e-05
    - firstUpdateLayers: 3
    - secondUpdateLayers: 3
    - hidden_features: 128
    - batch_size: 64
============================================================

train length: 12000 val length: 1500 test length: 1500 unused length: 0 seed : 666
[0;31m<<<<<< ⚡️ cuda is used >>>>>>[0m
█[I 2025-07-04 13:32:49,873] Trial 40 finished with value: inf and parameters: {'lr': 0.0007511226422659707, 'dropout_rate': 0.0874785137419678, 'weight_decay': 5.9505573351414564e-05, 'firstUpdateLayers': 3, 'secondUpdateLayers': 3, 'hidden_features': 128, 'batch_size': 64}. Best is trial 0 with value: inf.

💥 Trial #40 - GPU OOM
   配置：batch_size=64, hidden_features=128
🧹 Cleaned 1.51GB GPU memory
============================================================

🔍 Trial #41 - 详细显存诊断:
   GPU总显存: 25.28GB
   已分配: 0.02GB
   已缓存: 0.06GB
   可用: 25.22GB
   清理后-已分配: 0.02GB
   清理后-已缓存: 0.06GB
   清理后-可用: 25.22GB

============================================================
🚀 Starting Trial #41 (Memory Safe)
  Parameters:
    - lr: 0.0005372852150508655
    - dropout_rate: 0.1692975837924941
    - weight_decay: 5.051389808478941e-05
    - firstUpdateLayers: 3
    - secondUpdateLayers: 5
    - hidden_features: 128
    - batch_size: 96
============================================================

train length: 12000 val length: 1500 test length: 1500 unused length: 0 seed : 666
[0;31m<<<<<< ⚡️ cuda is used >>>>>>[0m
█[I 2025-07-04 13:32:51,738] Trial 41 finished with value: inf and parameters: {'lr': 0.0005372852150508655, 'dropout_rate': 0.1692975837924941, 'weight_decay': 5.051389808478941e-05, 'firstUpdateLayers': 3, 'secondUpdateLayers': 5, 'hidden_features': 128, 'batch_size': 96}. Best is trial 0 with value: inf.

💥 Trial #41 - GPU OOM
   配置：batch_size=96, hidden_features=128
🧹 Cleaned 1.44GB GPU memory
============================================================

🔍 Trial #42 - 详细显存诊断:
   GPU总显存: 25.28GB
   已分配: 0.02GB
   已缓存: 0.06GB
   可用: 25.22GB
   清理后-已分配: 0.02GB
   清理后-已缓存: 0.06GB
   清理后-可用: 25.22GB

============================================================
🚀 Starting Trial #42 (Memory Safe)
  Parameters:
    - lr: 0.0006036243476149314
    - dropout_rate: 0.13881757772602787
    - weight_decay: 3.298090133439908e-05
    - firstUpdateLayers: 3
    - secondUpdateLayers: 5
    - hidden_features: 128
    - batch_size: 96
============================================================

train length: 12000 val length: 1500 test length: 1500 unused length: 0 seed : 666
[0;31m<<<<<< ⚡️ cuda is used >>>>>>[0m
